0 info it worked if it ends with ok
1 verbose cli [ 'node', '/usr/local/bin/npm', 'install' ]
2 info using npm@2.6.1
3 info using node@v0.10.36
4 verbose install where, deps [ '/var/www/html/system-performance-monitoring',
4 verbose install   [ 'bower',
4 verbose install     'body-parser',
4 verbose install     'cookie-parser',
4 verbose install     'debug',
4 verbose install     'express',
4 verbose install     'jade',
4 verbose install     'morgan',
4 verbose install     'serve-favicon',
4 verbose install     'socket.io' ] ]
5 verbose install where, peers [ '/var/www/html/system-performance-monitoring', [] ]
6 info preinstall system-performance-monitoring@0.0.2
7 warn package.json bower@0.6.8 No repository field.
8 verbose already installed skipping jade@~1.6.0 /var/www/html/system-performance-monitoring
9 verbose already installed skipping morgan@~1.3.0 /var/www/html/system-performance-monitoring
10 verbose already installed skipping serve-favicon@~2.1.3 /var/www/html/system-performance-monitoring
11 verbose already installed skipping socket.io@^1.3.5 /var/www/html/system-performance-monitoring
12 verbose already installed skipping bower@0.6.x /var/www/html/system-performance-monitoring
13 verbose already installed skipping body-parser@~1.8.1 /var/www/html/system-performance-monitoring
14 verbose already installed skipping cookie-parser@~1.3.3 /var/www/html/system-performance-monitoring
15 verbose already installed skipping debug@~2.0.0 /var/www/html/system-performance-monitoring
16 verbose already installed skipping express@~4.9.0 /var/www/html/system-performance-monitoring
17 silly install resolved []
18 info build /var/www/html/system-performance-monitoring
19 verbose linkStuff [ false, false, false, '/var/www/html' ]
20 info linkStuff system-performance-monitoring@0.0.2
21 verbose linkBins system-performance-monitoring@0.0.2
22 verbose linkMans system-performance-monitoring@0.0.2
23 verbose rebuildBundles system-performance-monitoring@0.0.2
24 verbose rebuildBundles [ '.bin',
24 verbose rebuildBundles   'body-parser',
24 verbose rebuildBundles   'bower',
24 verbose rebuildBundles   'cookie-parser',
24 verbose rebuildBundles   'debug',
24 verbose rebuildBundles   'express',
24 verbose rebuildBundles   'jade',
24 verbose rebuildBundles   'morgan',
24 verbose rebuildBundles   'serve-favicon',
24 verbose rebuildBundles   'socket.io' ]
25 info install system-performance-monitoring@0.0.2
26 info postinstall system-performance-monitoring@0.0.2
27 verbose unsafe-perm in lifecycle true
28 info system-performance-monitoring@0.0.2 Failed to exec postinstall script
29 verbose stack Error: system-performance-monitoring@0.0.2 postinstall: `./node_modules/bower/bin/bower install`
29 verbose stack Exit status 8
29 verbose stack     at EventEmitter.<anonymous> (/usr/local/lib/node_modules/npm/lib/utils/lifecycle.js:213:16)
29 verbose stack     at EventEmitter.emit (events.js:98:17)
29 verbose stack     at ChildProcess.<anonymous> (/usr/local/lib/node_modules/npm/lib/utils/spawn.js:14:12)
29 verbose stack     at ChildProcess.emit (events.js:98:17)
29 verbose stack     at maybeClose (child_process.js:766:16)
29 verbose stack     at Process.ChildProcess._handle.onexit (child_process.js:833:5)
30 verbose pkgid system-performance-monitoring@0.0.2
31 verbose cwd /var/www/html/system-performance-monitoring
32 error Linux 3.13.0-27-generic
33 error argv "node" "/usr/local/bin/npm" "install"
34 error node v0.10.36
35 error npm  v2.6.1
36 error code ELIFECYCLE
37 error system-performance-monitoring@0.0.2 postinstall: `./node_modules/bower/bin/bower install`
37 error Exit status 8
38 error Failed at the system-performance-monitoring@0.0.2 postinstall script './node_modules/bower/bin/bower install'.
38 error This is most likely a problem with the system-performance-monitoring package,
38 error not with npm itself.
38 error Tell the author that this fails on your system:
38 error     ./node_modules/bower/bin/bower install
38 error You can get their info via:
38 error     npm owner ls system-performance-monitoring
38 error There is likely additional logging output above.
39 verbose exit [ 1, true ]
